<?xml version="1.0" encoding="UTF-8"?>
<!-- Generated by org.testng.reporters.JUnitReportReporter -->
<testsuite skipped="0" hostname="Rebeca" name="com.testcases.FlipkartLoginTestCase" tests="1" failures="0" timestamp="16 Sep 2020 13:29:38 GMT" time="3.342" errors="0">
  <testcase name="login" time="3.342" classname="com.testcases.FlipkartLoginTestCase"/>
</testsuite> <!-- com.testcases.FlipkartLoginTestCase -->
